[debug] [2023-11-16T18:42:02.616Z] ----------------------------------------------------------------------
[debug] [2023-11-16T18:42:02.621Z] Command:       C:\Program Files\nodejs\node.exe C:\Users\Xeon\AppData\Roaming\npm\node_modules\firebase-tools\lib\bin\firebase.js deploy
[debug] [2023-11-16T18:42:02.622Z] CLI Version:   12.9.1
[debug] [2023-11-16T18:42:02.622Z] Platform:      win32
[debug] [2023-11-16T18:42:02.623Z] Node Version:  v20.9.0
[debug] [2023-11-16T18:42:02.623Z] Time:          Thu Nov 16 2023 19:42:02 GMT+0100 (czas środkowoeuropejski standardowy)
[debug] [2023-11-16T18:42:02.623Z] ----------------------------------------------------------------------
[debug] 
[debug] [2023-11-16T18:42:02.765Z] > command requires scopes: ["email","openid","https://www.googleapis.com/auth/cloudplatformprojects.readonly","https://www.googleapis.com/auth/firebase","https://www.googleapis.com/auth/cloud-platform"]
[debug] [2023-11-16T18:42:02.766Z] > authorizing via signed-in user (pegaz171@gmail.com)
[debug] [2023-11-16T18:42:02.767Z] [iam] checking project react-http-9c2cf for permissions ["firebase.projects.get","firebasehosting.sites.update"]
[debug] [2023-11-16T18:42:02.769Z] > refreshing access token with scopes: []
[debug] [2023-11-16T18:42:02.772Z] >>> [apiv2][query] POST https://www.googleapis.com/oauth2/v3/token [none]
[debug] [2023-11-16T18:42:02.773Z] >>> [apiv2][body] POST https://www.googleapis.com/oauth2/v3/token [omitted]
[debug] [2023-11-16T18:42:02.987Z] <<< [apiv2][status] POST https://www.googleapis.com/oauth2/v3/token 400
[debug] [2023-11-16T18:42:02.987Z] <<< [apiv2][body] POST https://www.googleapis.com/oauth2/v3/token [omitted]
[debug] [2023-11-16T18:42:02.988Z] >>> [apiv2][query] POST https://cloudresourcemanager.googleapis.com/v1/projects/react-http-9c2cf:testIamPermissions [none]
[debug] [2023-11-16T18:42:02.988Z] >>> [apiv2][(partial)header] POST https://cloudresourcemanager.googleapis.com/v1/projects/react-http-9c2cf:testIamPermissions x-goog-quota-user=projects/react-http-9c2cf
[debug] [2023-11-16T18:42:02.988Z] >>> [apiv2][body] POST https://cloudresourcemanager.googleapis.com/v1/projects/react-http-9c2cf:testIamPermissions {"permissions":["firebase.projects.get","firebasehosting.sites.update"]}
[debug] [2023-11-16T18:42:03.759Z] <<< [apiv2][status] POST https://cloudresourcemanager.googleapis.com/v1/projects/react-http-9c2cf:testIamPermissions 401
[debug] [2023-11-16T18:42:03.759Z] <<< [apiv2][body] POST https://cloudresourcemanager.googleapis.com/v1/projects/react-http-9c2cf:testIamPermissions {"error":{"code":401,"message":"Request had invalid authentication credentials. Expected OAuth 2 access token, login cookie or other valid authentication credential. See https://developers.google.com/identity/sign-in/web/devconsole-project.","status":"UNAUTHENTICATED","details":[{"@type":"type.googleapis.com/google.rpc.ErrorInfo","reason":"ACCESS_TOKEN_TYPE_UNSUPPORTED","metadata":{"method":"google.cloudresourcemanager.v1.Projects.TestIamPermissions","service":"cloudresourcemanager.googleapis.com"}}]}}
[debug] [2023-11-16T18:42:03.761Z] [iam] error while checking permissions, command may fail: FirebaseError: HTTP Error: 401, Request had invalid authentication credentials. Expected OAuth 2 access token, login cookie or other valid authentication credential. See https://developers.google.com/identity/sign-in/web/devconsole-project.
[debug] [2023-11-16T18:42:03.761Z] > refreshing access token with scopes: []
[debug] [2023-11-16T18:42:03.762Z] >>> [apiv2][query] POST https://www.googleapis.com/oauth2/v3/token [none]
[debug] [2023-11-16T18:42:03.762Z] >>> [apiv2][body] POST https://www.googleapis.com/oauth2/v3/token [omitted]
[debug] [2023-11-16T18:42:03.822Z] <<< [apiv2][status] POST https://www.googleapis.com/oauth2/v3/token 400
[debug] [2023-11-16T18:42:03.823Z] <<< [apiv2][body] POST https://www.googleapis.com/oauth2/v3/token [omitted]
[debug] [2023-11-16T18:42:03.823Z] >>> [apiv2][query] GET https://firebase.googleapis.com/v1beta1/projects/react-http-9c2cf [none]
[debug] [2023-11-16T18:42:03.952Z] <<< [apiv2][status] GET https://firebase.googleapis.com/v1beta1/projects/react-http-9c2cf 401
[debug] [2023-11-16T18:42:03.953Z] <<< [apiv2][body] GET https://firebase.googleapis.com/v1beta1/projects/react-http-9c2cf {"error":{"code":401,"message":"Request had invalid authentication credentials. Expected OAuth 2 access token, login cookie or other valid authentication credential. See https://developers.google.com/identity/sign-in/web/devconsole-project.","status":"UNAUTHENTICATED"}}
[debug] [2023-11-16T18:42:03.953Z] HTTP Error: 401, Request had invalid authentication credentials. Expected OAuth 2 access token, login cookie or other valid authentication credential. See https://developers.google.com/identity/sign-in/web/devconsole-project.
[error] 
[error] Error: Assertion failed: resolving hosting target of a site with no site name or target name. This should have caused an error earlier
